<?xml version="1.0" encoding="UTF-8"?>
<!-- Generated by org.testng.reporters.JUnitXMLReporter -->
<testsuite hostname="DESKTOP-341CINP" ignored="0" name="Test" tests="5" failures="0" timestamp="15 Mar 2019 11:08:07 GMT" time="7.434" errors="0">
  <testcase name="sampleTest4" time="2.853" classname="com.test.SeleniumGrid"/>
  <testcase name="sampleTest1" time="3.118" classname="com.test.SeleniumGrid"/>
  <testcase name="sampleTest" time="3.212" classname="com.test.SeleniumGrid"/>
  <testcase name="sampleTest3" time="3.276" classname="com.test.SeleniumGrid"/>
  <testcase name="sampleTest2" time="3.332" classname="com.test.SeleniumGrid"/>
</testsuite> <!-- Test -->
