<?xml version="1.0" encoding="UTF-8"?>
<!-- Generated by org.testng.reporters.JUnitXMLReporter -->
<testsuite hostname="DESKTOP-341CINP" name="Test" tests="5" failures="0" timestamp="17 Mar 2019 15:29:56 GMT" time="5.808" errors="0">
  <testcase name="sampleTest2" time="2.47" classname="com.test.SeleniumGrid"/>
  <testcase name="sampleTest3" time="2.518" classname="com.test.SeleniumGrid"/>
  <testcase name="sampleTest" time="2.597" classname="com.test.SeleniumGrid"/>
  <testcase name="sampleTest4" time="2.691" classname="com.test.SeleniumGrid"/>
  <testcase name="sampleTest1" time="2.819" classname="com.test.SeleniumGrid"/>
</testsuite> <!-- Test -->
