<?xml version="1.0" encoding="UTF-8"?>
<testsuite name="TestSuite" time="13.037" tests="5" errors="0" skipped="0" failures="0">
  <properties>
[...]
</properties>
  <testcase name="sampleTest2" classname="com.test.SeleniumGrid" time="2.459"/>
  <testcase name="sampleTest3" classname="com.test.SeleniumGrid" time="2.506"/>
  <testcase name="sampleTest" classname="com.test.SeleniumGrid" time="2.585"/>
  <testcase name="sampleTest4" classname="com.test.SeleniumGrid" time="2.68"/>
  <testcase name="sampleTest1" classname="com.test.SeleniumGrid" time="2.807"/>
</testsuite>