<?xml version="1.0" encoding="UTF-8"?>
<testng-results skipped="0" failed="0" total="5" passed="5">
  <reporter-output>
  </reporter-output>
  <suite name="Suite" duration-ms="5808" started-at="2019-03-17T15:29:51Z" finished-at="2019-03-17T15:29:56Z">
    <groups>
    </groups>
    <test name="Test" duration-ms="5808" started-at="2019-03-17T15:29:51Z" finished-at="2019-03-17T15:29:56Z">
      <class name="com.test.SeleniumGrid">
        <test-method status="PASS" signature="setUp()[pri:0, instance:com.test.SeleniumGrid@327471b5]" name="setUp" is-config="true" duration-ms="2657" started-at="2019-03-17T20:59:51Z" finished-at="2019-03-17T20:59:53Z">
          <reporter-output>
          </reporter-output>
        </test-method> <!-- setUp -->
        <test-method status="PASS" signature="sampleTest()[pri:0, instance:com.test.SeleniumGrid@327471b5]" name="sampleTest" duration-ms="2597" started-at="2019-03-17T20:59:53Z" finished-at="2019-03-17T20:59:56Z">
          <reporter-output>
          </reporter-output>
        </test-method> <!-- sampleTest -->
        <test-method status="PASS" signature="sampleTest4()[pri:0, instance:com.test.SeleniumGrid@327471b5]" name="sampleTest4" duration-ms="2691" started-at="2019-03-17T20:59:53Z" finished-at="2019-03-17T20:59:56Z">
          <reporter-output>
          </reporter-output>
        </test-method> <!-- sampleTest4 -->
        <test-method status="PASS" signature="sampleTest2()[pri:0, instance:com.test.SeleniumGrid@327471b5]" name="sampleTest2" duration-ms="2470" started-at="2019-03-17T20:59:53Z" finished-at="2019-03-17T20:59:56Z">
          <reporter-output>
          </reporter-output>
        </test-method> <!-- sampleTest2 -->
        <test-method status="PASS" signature="sampleTest1()[pri:0, instance:com.test.SeleniumGrid@327471b5]" name="sampleTest1" duration-ms="2819" started-at="2019-03-17T20:59:53Z" finished-at="2019-03-17T20:59:56Z">
          <reporter-output>
          </reporter-output>
        </test-method> <!-- sampleTest1 -->
        <test-method status="PASS" signature="sampleTest3()[pri:0, instance:com.test.SeleniumGrid@327471b5]" name="sampleTest3" duration-ms="2518" started-at="2019-03-17T20:59:53Z" finished-at="2019-03-17T20:59:56Z">
          <reporter-output>
          </reporter-output>
        </test-method> <!-- sampleTest3 -->
        <test-method status="PASS" signature="afterTest()[pri:0, instance:com.test.SeleniumGrid@327471b5]" name="afterTest" is-config="true" duration-ms="313" started-at="2019-03-17T20:59:56Z" finished-at="2019-03-17T20:59:56Z">
          <reporter-output>
          </reporter-output>
        </test-method> <!-- afterTest -->
      </class> <!-- com.test.SeleniumGrid -->
    </test> <!-- Test -->
  </suite> <!-- Suite -->
</testng-results>
