<?xml version="1.0" encoding="UTF-8"?>
<testng-results skipped="0" failed="0" ignored="0" total="5" passed="5">
  <reporter-output>
  </reporter-output>
  <suite name="Suite" duration-ms="7434" started-at="2019-03-15T11:08:00Z" finished-at="2019-03-15T11:08:07Z">
    <groups>
    </groups>
    <test name="Test" duration-ms="7434" started-at="2019-03-15T11:08:00Z" finished-at="2019-03-15T11:08:07Z">
      <class name="com.test.SeleniumGrid">
        <test-method status="PASS" signature="setUp()[pri:0, instance:com.test.SeleniumGrid@7cbd213e]" name="setUp" is-config="true" duration-ms="3684" started-at="2019-03-15T11:08:00Z" finished-at="2019-03-15T11:08:03Z">
          <reporter-output>
          </reporter-output>
        </test-method> <!-- setUp -->
        <test-method status="PASS" signature="sampleTest4()[pri:0, instance:com.test.SeleniumGrid@7cbd213e]" name="sampleTest4" duration-ms="2853" started-at="2019-03-15T11:08:03Z" finished-at="2019-03-15T11:08:06Z">
          <reporter-output>
          </reporter-output>
        </test-method> <!-- sampleTest4 -->
        <test-method status="PASS" signature="sampleTest1()[pri:0, instance:com.test.SeleniumGrid@7cbd213e]" name="sampleTest1" duration-ms="3118" started-at="2019-03-15T11:08:03Z" finished-at="2019-03-15T11:08:06Z">
          <reporter-output>
          </reporter-output>
        </test-method> <!-- sampleTest1 -->
        <test-method status="PASS" signature="sampleTest()[pri:0, instance:com.test.SeleniumGrid@7cbd213e]" name="sampleTest" duration-ms="3212" started-at="2019-03-15T11:08:03Z" finished-at="2019-03-15T11:08:06Z">
          <reporter-output>
          </reporter-output>
        </test-method> <!-- sampleTest -->
        <test-method status="PASS" signature="sampleTest3()[pri:0, instance:com.test.SeleniumGrid@7cbd213e]" name="sampleTest3" duration-ms="3276" started-at="2019-03-15T11:08:03Z" finished-at="2019-03-15T11:08:07Z">
          <reporter-output>
          </reporter-output>
        </test-method> <!-- sampleTest3 -->
        <test-method status="PASS" signature="sampleTest2()[pri:0, instance:com.test.SeleniumGrid@7cbd213e]" name="sampleTest2" duration-ms="3332" started-at="2019-03-15T11:08:03Z" finished-at="2019-03-15T11:08:07Z">
          <reporter-output>
          </reporter-output>
        </test-method> <!-- sampleTest2 -->
        <test-method status="PASS" signature="afterTest()[pri:0, instance:com.test.SeleniumGrid@7cbd213e]" name="afterTest" is-config="true" duration-ms="344" started-at="2019-03-15T11:08:07Z" finished-at="2019-03-15T11:08:07Z">
          <reporter-output>
          </reporter-output>
        </test-method> <!-- afterTest -->
      </class> <!-- com.test.SeleniumGrid -->
    </test> <!-- Test -->
  </suite> <!-- Suite -->
</testng-results>
